<?xml version="1.0" encoding="UTF-8"?>
<!-- Generated by org.testng.reporters.JUnitXMLReporter -->
<testsuite ignored="2" hostname="DESKTOP-BEM1QJM" failures="0" tests="3" name="Test" time="22.466" errors="0" timestamp="2025-08-28T14:19:03 IST">
  <testcase classname="testNg.applicationTest" name="Flipkart" time="7.662"/>
  <testcase classname="testNg.applicationTest" name="amazonTest" time="7.128"/>
  <testcase classname="testNg.applicationTest" name="myntra" time="7.596"/>
  <testcase classname="testNg.applicationTest" name="swiggyTest" time="0.0">
    <ignored/>
  </testcase> <!-- swiggyTest -->
  <testcase classname="testNg.applicationTest" name="zomato" time="0.0">
    <ignored/>
  </testcase> <!-- zomato -->
</testsuite> <!-- Test -->
